::1 - - [21/Aug/2025 23:52:47] "GET / HTTP/1.1" 200 -
::1 - - [22/Aug/2025 00:05:44] "GET / HTTP/1.1" 200 -
::1 - - [22/Aug/2025 00:05:44] code 404, message File not found
::1 - - [22/Aug/2025 00:05:44] "GET /.well-known/appspecific/com.chrome.devtools.json HTTP/1.1" 404 -
::1 - - [22/Aug/2025 00:05:44] "GET /canvas.js HTTP/1.1" 200 -
::1 - - [22/Aug/2025 00:05:44] "GET /styles.css HTTP/1.1" 200 -
::1 - - [22/Aug/2025 00:05:45] code 404, message File not found
::1 - - [22/Aug/2025 00:05:45] "GET /favicon.ico HTTP/1.1" 404 -
::1 - - [22/Aug/2025 00:07:15] "GET / HTTP/1.1" 200 -
::1 - - [22/Aug/2025 00:07:15] code 404, message File not found
::1 - - [22/Aug/2025 00:07:15] "GET /.well-known/appspecific/com.chrome.devtools.json HTTP/1.1" 404 -
::1 - - [22/Aug/2025 00:07:15] "GET /styles.css HTTP/1.1" 200 -
::1 - - [22/Aug/2025 00:07:15] "GET /canvas.js HTTP/1.1" 200 -
::1 - - [22/Aug/2025 00:07:15] code 404, message File not found
::1 - - [22/Aug/2025 00:07:15] "GET /favicon.ico HTTP/1.1" 404 -
::1 - - [22/Aug/2025 00:10:34] "GET / HTTP/1.1" 200 -
::1 - - [22/Aug/2025 00:10:34] code 404, message File not found
::1 - - [22/Aug/2025 00:10:34] "GET /.well-known/appspecific/com.chrome.devtools.json HTTP/1.1" 404 -
::1 - - [22/Aug/2025 00:10:34] "GET /canvas.js HTTP/1.1" 200 -
::1 - - [22/Aug/2025 00:10:34] "GET /styles.css HTTP/1.1" 200 -
::1 - - [22/Aug/2025 00:10:34] code 404, message File not found
::1 - - [22/Aug/2025 00:10:34] "GET /favicon.ico HTTP/1.1" 404 -
::1 - - [22/Aug/2025 07:36:31] "GET / HTTP/1.1" 200 -
::1 - - [22/Aug/2025 07:36:31] code 404, message File not found
::1 - - [22/Aug/2025 07:36:31] "GET /.well-known/appspecific/com.chrome.devtools.json HTTP/1.1" 404 -
::1 - - [22/Aug/2025 07:36:31] "GET /canvas.js HTTP/1.1" 200 -
::1 - - [22/Aug/2025 07:36:31] "GET /styles.css HTTP/1.1" 200 -
::1 - - [22/Aug/2025 07:36:31] code 404, message File not found
::1 - - [22/Aug/2025 07:36:31] "GET /favicon.ico HTTP/1.1" 404 -
::1 - - [22/Aug/2025 07:42:03] "GET / HTTP/1.1" 200 -
::1 - - [22/Aug/2025 07:42:03] code 404, message File not found
::1 - - [22/Aug/2025 07:42:03] "GET /.well-known/appspecific/com.chrome.devtools.json HTTP/1.1" 404 -
::1 - - [22/Aug/2025 07:42:03] "GET /canvas.js HTTP/1.1" 200 -
::1 - - [22/Aug/2025 07:42:03] "GET /styles.css HTTP/1.1" 200 -
::1 - - [22/Aug/2025 07:42:03] code 404, message File not found
::1 - - [22/Aug/2025 07:42:03] "GET /favicon.ico HTTP/1.1" 404 -
::1 - - [22/Aug/2025 07:42:27] "GET / HTTP/1.1" 200 -
::1 - - [22/Aug/2025 07:42:27] code 404, message File not found
::1 - - [22/Aug/2025 07:42:27] "GET /.well-known/appspecific/com.chrome.devtools.json HTTP/1.1" 404 -
::1 - - [22/Aug/2025 07:42:27] "GET /styles.css HTTP/1.1" 200 -
::1 - - [22/Aug/2025 07:42:27] "GET /canvas.js HTTP/1.1" 200 -
::1 - - [22/Aug/2025 07:42:27] code 404, message File not found
::1 - - [22/Aug/2025 07:42:27] "GET /favicon.ico HTTP/1.1" 404 -
::1 - - [22/Aug/2025 07:43:30] "GET / HTTP/1.1" 200 -
::1 - - [22/Aug/2025 07:43:30] code 404, message File not found
::1 - - [22/Aug/2025 07:43:30] "GET /.well-known/appspecific/com.chrome.devtools.json HTTP/1.1" 404 -
::1 - - [22/Aug/2025 07:43:30] "GET /canvas.js HTTP/1.1" 200 -
::1 - - [22/Aug/2025 07:43:30] "GET /styles.css HTTP/1.1" 200 -
::1 - - [22/Aug/2025 07:43:30] code 404, message File not found
::1 - - [22/Aug/2025 07:43:30] "GET /favicon.ico HTTP/1.1" 404 -
::1 - - [22/Aug/2025 07:43:43] "GET / HTTP/1.1" 200 -
::1 - - [22/Aug/2025 07:43:43] code 404, message File not found
::1 - - [22/Aug/2025 07:43:43] "GET /.well-known/appspecific/com.chrome.devtools.json HTTP/1.1" 404 -
::1 - - [22/Aug/2025 07:43:43] "GET /canvas.js HTTP/1.1" 200 -
::1 - - [22/Aug/2025 07:43:43] "GET /styles.css HTTP/1.1" 200 -
::1 - - [22/Aug/2025 07:43:44] code 404, message File not found
::1 - - [22/Aug/2025 07:43:44] "GET /favicon.ico HTTP/1.1" 404 -
::1 - - [22/Aug/2025 07:44:38] "GET / HTTP/1.1" 200 -
::1 - - [22/Aug/2025 07:44:38] code 404, message File not found
::1 - - [22/Aug/2025 07:44:38] "GET /.well-known/appspecific/com.chrome.devtools.json HTTP/1.1" 404 -
::1 - - [22/Aug/2025 07:44:39] "GET /styles.css HTTP/1.1" 200 -
::1 - - [22/Aug/2025 07:44:39] "GET /canvas.js HTTP/1.1" 200 -
::1 - - [22/Aug/2025 07:44:39] code 404, message File not found
::1 - - [22/Aug/2025 07:44:39] "GET /favicon.ico HTTP/1.1" 404 -
::1 - - [22/Aug/2025 09:39:22] "GET / HTTP/1.1" 200 -
::1 - - [22/Aug/2025 09:39:23] code 404, message File not found
::1 - - [22/Aug/2025 09:39:23] "GET /.well-known/appspecific/com.chrome.devtools.json HTTP/1.1" 404 -
::1 - - [22/Aug/2025 09:39:23] "GET /styles.css HTTP/1.1" 200 -
::1 - - [22/Aug/2025 09:39:23] "GET /canvas.js HTTP/1.1" 200 -
::1 - - [22/Aug/2025 09:39:23] code 404, message File not found
::1 - - [22/Aug/2025 09:39:23] "GET /favicon.ico HTTP/1.1" 404 -
::1 - - [22/Aug/2025 09:55:23] "GET / HTTP/1.1" 200 -
::1 - - [22/Aug/2025 09:55:23] code 404, message File not found
::1 - - [22/Aug/2025 09:55:23] "GET /.well-known/appspecific/com.chrome.devtools.json HTTP/1.1" 404 -
::1 - - [22/Aug/2025 09:55:23] "GET /styles.css HTTP/1.1" 200 -
::1 - - [22/Aug/2025 09:55:23] "GET /canvas.js HTTP/1.1" 200 -
::1 - - [22/Aug/2025 09:55:23] code 404, message File not found
::1 - - [22/Aug/2025 09:55:23] "GET /favicon.ico HTTP/1.1" 404 -
::1 - - [22/Aug/2025 09:57:06] "GET / HTTP/1.1" 200 -
::1 - - [22/Aug/2025 09:57:06] code 404, message File not found
::1 - - [22/Aug/2025 09:57:06] "GET /.well-known/appspecific/com.chrome.devtools.json HTTP/1.1" 404 -
::1 - - [22/Aug/2025 09:57:06] "GET /styles.css HTTP/1.1" 200 -
::1 - - [22/Aug/2025 09:57:06] "GET /canvas.js HTTP/1.1" 200 -
::1 - - [22/Aug/2025 09:57:06] code 404, message File not found
::1 - - [22/Aug/2025 09:57:06] "GET /favicon.ico HTTP/1.1" 404 -
::1 - - [22/Aug/2025 09:57:11] "GET / HTTP/1.1" 200 -
::1 - - [22/Aug/2025 09:57:11] code 404, message File not found
::1 - - [22/Aug/2025 09:57:11] "GET /.well-known/appspecific/com.chrome.devtools.json HTTP/1.1" 404 -
::1 - - [22/Aug/2025 09:57:11] "GET /styles.css HTTP/1.1" 200 -
::1 - - [22/Aug/2025 09:57:11] "GET /canvas.js HTTP/1.1" 200 -
::1 - - [22/Aug/2025 09:57:12] code 404, message File not found
::1 - - [22/Aug/2025 09:57:12] "GET /favicon.ico HTTP/1.1" 404 -
::1 - - [22/Aug/2025 09:57:23] "GET / HTTP/1.1" 200 -
::1 - - [22/Aug/2025 09:57:23] code 404, message File not found
::1 - - [22/Aug/2025 09:57:23] "GET /.well-known/appspecific/com.chrome.devtools.json HTTP/1.1" 404 -
::1 - - [22/Aug/2025 09:57:23] "GET /styles.css HTTP/1.1" 200 -
::1 - - [22/Aug/2025 09:57:23] "GET /canvas.js HTTP/1.1" 200 -
::1 - - [22/Aug/2025 09:57:24] code 404, message File not found
::1 - - [22/Aug/2025 09:57:24] "GET /favicon.ico HTTP/1.1" 404 -
::1 - - [22/Aug/2025 09:59:02] "GET / HTTP/1.1" 200 -
::1 - - [22/Aug/2025 09:59:02] code 404, message File not found
::1 - - [22/Aug/2025 09:59:02] "GET /.well-known/appspecific/com.chrome.devtools.json HTTP/1.1" 404 -
::1 - - [22/Aug/2025 09:59:02] "GET /styles.css HTTP/1.1" 200 -
::1 - - [22/Aug/2025 09:59:02] "GET /canvas.js HTTP/1.1" 200 -
::1 - - [22/Aug/2025 09:59:03] code 404, message File not found
::1 - - [22/Aug/2025 09:59:03] "GET /favicon.ico HTTP/1.1" 404 -
::1 - - [22/Aug/2025 09:59:36] "GET / HTTP/1.1" 200 -
::1 - - [22/Aug/2025 09:59:37] code 404, message File not found
::1 - - [22/Aug/2025 09:59:37] "GET /.well-known/appspecific/com.chrome.devtools.json HTTP/1.1" 404 -
::1 - - [22/Aug/2025 09:59:37] "GET /styles.css HTTP/1.1" 200 -
::1 - - [22/Aug/2025 09:59:37] "GET /canvas.js HTTP/1.1" 200 -
::1 - - [22/Aug/2025 09:59:37] code 404, message File not found
::1 - - [22/Aug/2025 09:59:37] "GET /favicon.ico HTTP/1.1" 404 -
::1 - - [22/Aug/2025 10:01:01] "GET / HTTP/1.1" 200 -
::1 - - [22/Aug/2025 10:01:01] code 404, message File not found
::1 - - [22/Aug/2025 10:01:01] "GET /.well-known/appspecific/com.chrome.devtools.json HTTP/1.1" 404 -
::1 - - [22/Aug/2025 10:01:01] "GET /styles.css HTTP/1.1" 200 -
::1 - - [22/Aug/2025 10:01:01] "GET /canvas.js HTTP/1.1" 200 -
::1 - - [22/Aug/2025 10:01:01] code 404, message File not found
::1 - - [22/Aug/2025 10:01:01] "GET /favicon.ico HTTP/1.1" 404 -
